C:\USERS\DAVID\DESKTOP\SCHOOL\COSC3P98 FUN\RTIP-CAM\RELEASE\TEMPLATE-3P98-2010.EXE
C:\USERS\DAVID\DESKTOP\SCHOOL\COSC3P98 FUN\RTIP-CAM\RELEASE\TEMPLATE-3P98-2010.PDB
C:\Users\David\Desktop\School\COSC3P98 fun\RTIP-cam\Template-3P98-2010\Release\cl.command.1.tlog
C:\Users\David\Desktop\School\COSC3P98 fun\RTIP-cam\Template-3P98-2010\Release\CL.read.1.tlog
C:\Users\David\Desktop\School\COSC3P98 fun\RTIP-cam\Template-3P98-2010\Release\CL.write.1.tlog
C:\USERS\DAVID\DESKTOP\SCHOOL\COSC3P98 FUN\RTIP-CAM\TEMPLATE-3P98-2010\RELEASE\FILE_HANDLING.OBJ
C:\USERS\DAVID\DESKTOP\SCHOOL\COSC3P98 FUN\RTIP-CAM\TEMPLATE-3P98-2010\RELEASE\GL_MISC.OBJ
C:\Users\David\Desktop\School\COSC3P98 fun\RTIP-cam\Template-3P98-2010\Release\link.command.1.tlog
C:\Users\David\Desktop\School\COSC3P98 fun\RTIP-cam\Template-3P98-2010\Release\link.read.1.tlog
C:\Users\David\Desktop\School\COSC3P98 fun\RTIP-cam\Template-3P98-2010\Release\link.write.1.tlog
C:\Users\David\Desktop\School\COSC3P98 fun\RTIP-cam\Template-3P98-2010\Release\link-cvtres.read.1.tlog
C:\Users\David\Desktop\School\COSC3P98 fun\RTIP-cam\Template-3P98-2010\Release\link-cvtres.write.1.tlog
C:\USERS\DAVID\DESKTOP\SCHOOL\COSC3P98 FUN\RTIP-CAM\TEMPLATE-3P98-2010\RELEASE\MAIN.OBJ
C:\Users\David\Desktop\School\COSC3P98 fun\RTIP-cam\Template-3P98-2010\Release\mt.command.1.tlog
C:\Users\David\Desktop\School\COSC3P98 fun\RTIP-cam\Template-3P98-2010\Release\mt.read.1.tlog
C:\Users\David\Desktop\School\COSC3P98 fun\RTIP-cam\Template-3P98-2010\Release\mt.write.1.tlog
C:\Users\David\Desktop\School\COSC3P98 fun\RTIP-cam\Template-3P98-2010\Release\rc.command.1.tlog
C:\Users\David\Desktop\School\COSC3P98 fun\RTIP-cam\Template-3P98-2010\Release\rc.read.1.tlog
C:\Users\David\Desktop\School\COSC3P98 fun\RTIP-cam\Template-3P98-2010\Release\rc.write.1.tlog
C:\USERS\DAVID\DESKTOP\SCHOOL\COSC3P98 FUN\RTIP-CAM\TEMPLATE-3P98-2010\RELEASE\RTIP_FUNCTIONS.OBJ
C:\USERS\DAVID\DESKTOP\SCHOOL\COSC3P98 FUN\RTIP-CAM\TEMPLATE-3P98-2010\RELEASE\SHADER_INSTRUCTIONS.OBJ
C:\USERS\DAVID\DESKTOP\SCHOOL\COSC3P98 FUN\RTIP-CAM\TEMPLATE-3P98-2010\RELEASE\SHADERS.OBJ
C:\USERS\DAVID\DESKTOP\SCHOOL\COSC3P98 FUN\RTIP-CAM\TEMPLATE-3P98-2010\RELEASE\TEMPLATE-3P98-2010.EXE.INTERMEDIATE.MANIFEST
C:\USERS\DAVID\DESKTOP\SCHOOL\COSC3P98 FUN\RTIP-CAM\TEMPLATE-3P98-2010\RELEASE\TEMPLATE-3P98-2010.RES
C:\Users\David\Desktop\School\COSC3P98 fun\RTIP-cam\Template-3P98-2010\Release\Template-3P98-2010.vcxprojResolveAssemblyReference.cache
C:\Users\David\Desktop\School\COSC3P98 fun\RTIP-cam\Template-3P98-2010\Release\Template-3P98-2010.write.1.tlog
C:\USERS\DAVID\DESKTOP\SCHOOL\COSC3P98 FUN\RTIP-CAM\TEMPLATE-3P98-2010\RELEASE\VC100.PDB
